\BOOKMARK [1][-]{section.1}{\376\377\0001\000\040\000D\000o\000k\000u\000m\000e\000n\000t\000a\000c\000j\000a\000\040\000s\000t\000r\000u\000k\000t\000u\000r\000\040\000d\000a\000n\000y\000c\000h}{}% 1
\BOOKMARK [2][-]{subsection.1.1}{\376\377\0001\000.\0001\000\040\000D\000o\000k\000u\000m\000e\000n\000t\000a\000c\000j\000a\000\040\000s\000t\000r\000u\000k\000t\000u\000r\000y\000\040\000B\000u\000t\000t\000o\000n}{section.1}% 2
\BOOKMARK [2][-]{subsection.1.2}{\376\377\0001\000.\0002\000\040\000D\000o\000k\000u\000m\000e\000n\000t\000a\000c\000j\000a\000\040\000s\000t\000r\000u\000k\000t\000u\000r\000y\000\040\000E\000l\000e\000m\000e\000n\000t}{section.1}% 3
\BOOKMARK [2][-]{subsection.1.3}{\376\377\0001\000.\0003\000\040\000D\000o\000k\000u\000m\000e\000n\000t\000a\000c\000j\000a\000\040\000s\000t\000r\000u\000k\000t\000u\000r\000y\000\040\000T\000o\000u\000c\000h\000P\000o\000i\000n\000t}{section.1}% 4
\BOOKMARK [2][-]{subsection.1.4}{\376\377\0001\000.\0004\000\040\000D\000o\000k\000u\000m\000e\000n\000t\000a\000c\000j\000a\000\040\000s\000t\000r\000u\000k\000t\000u\000r\000y\000\040\000V\000e\000c\000t\000o\000r}{section.1}% 5
\BOOKMARK [1][-]{section.2}{\376\377\0002\000\040\000D\000o\000k\000u\000m\000e\000n\000t\000a\000c\000j\000a\000\040\000p\000l\000i\000k\000\363\000w}{}% 6
\BOOKMARK [2][-]{subsection.2.1}{\376\377\0002\000.\0001\000\040\000D\000o\000k\000u\000m\000e\000n\000t\000a\000c\000j\000a\000\040\000p\000l\000i\000k\000u\000\040\000A\000c\000c\000e\000l\000e\000r\000o\000m\000e\000t\000e\000r\000C\000o\000n\000t\000r\000o\000l\000l\000e\000r\000.\000c}{section.2}% 7
\BOOKMARK [3][-]{subsubsection.2.1.1}{\376\377\0002\000.\0001\000.\0001\000\040\000O\000p\000i\000s\000\040\000s\000z\000c\000z\000e\000g\000\363\001\102\000o\000w\000y}{subsection.2.1}% 8
\BOOKMARK [3][-]{subsubsection.2.1.2}{\376\377\0002\000.\0001\000.\0002\000\040\000D\000o\000k\000u\000m\000e\000n\000t\000a\000c\000j\000a\000\040\000f\000u\000n\000k\000c\000j\000i}{subsection.2.1}% 9
\BOOKMARK [2][-]{subsection.2.2}{\376\377\0002\000.\0002\000\040\000D\000o\000k\000u\000m\000e\000n\000t\000a\000c\000j\000a\000\040\000p\000l\000i\000k\000u\000\040\000A\000c\000c\000e\000l\000e\000r\000o\000m\000e\000t\000e\000r\000C\000o\000n\000t\000r\000o\000l\000l\000e\000r\000.\000h}{section.2}% 10
\BOOKMARK [3][-]{subsubsection.2.2.1}{\376\377\0002\000.\0002\000.\0001\000\040\000O\000p\000i\000s\000\040\000s\000z\000c\000z\000e\000g\000\363\001\102\000o\000w\000y}{subsection.2.2}% 11
\BOOKMARK [3][-]{subsubsection.2.2.2}{\376\377\0002\000.\0002\000.\0002\000\040\000D\000o\000k\000u\000m\000e\000n\000t\000a\000c\000j\000a\000\040\000f\000u\000n\000k\000c\000j\000i}{subsection.2.2}% 12
\BOOKMARK [2][-]{subsection.2.3}{\376\377\0002\000.\0003\000\040\000D\000o\000k\000u\000m\000e\000n\000t\000a\000c\000j\000a\000\040\000p\000l\000i\000k\000u\000\040\000A\000p\000p\000l\000i\000c\000a\000t\000i\000o\000n\000M\000e\000n\000u\000.\000c}{section.2}% 13
\BOOKMARK [3][-]{subsubsection.2.3.1}{\376\377\0002\000.\0003\000.\0001\000\040\000O\000p\000i\000s\000\040\000s\000z\000c\000z\000e\000g\000\363\001\102\000o\000w\000y}{subsection.2.3}% 14
\BOOKMARK [2][-]{subsection.2.4}{\376\377\0002\000.\0004\000\040\000D\000o\000k\000u\000m\000e\000n\000t\000a\000c\000j\000a\000\040\000p\000l\000i\000k\000u\000\040\000A\000p\000p\000l\000i\000c\000a\000t\000i\000o\000n\000M\000e\000n\000u\000.\000h}{section.2}% 15
\BOOKMARK [3][-]{subsubsection.2.4.1}{\376\377\0002\000.\0004\000.\0001\000\040\000O\000p\000i\000s\000\040\000s\000z\000c\000z\000e\000g\000\363\001\102\000o\000w\000y}{subsection.2.4}% 16
\BOOKMARK [2][-]{subsection.2.5}{\376\377\0002\000.\0005\000\040\000D\000o\000k\000u\000m\000e\000n\000t\000a\000c\000j\000a\000\040\000p\000l\000i\000k\000u\000\040\000B\000u\000t\000t\000o\000n\000.\000c}{section.2}% 17
\BOOKMARK [3][-]{subsubsection.2.5.1}{\376\377\0002\000.\0005\000.\0001\000\040\000O\000p\000i\000s\000\040\000s\000z\000c\000z\000e\000g\000\363\001\102\000o\000w\000y}{subsection.2.5}% 18
\BOOKMARK [3][-]{subsubsection.2.5.2}{\376\377\0002\000.\0005\000.\0002\000\040\000D\000o\000k\000u\000m\000e\000n\000t\000a\000c\000j\000a\000\040\000f\000u\000n\000k\000c\000j\000i}{subsection.2.5}% 19
\BOOKMARK [2][-]{subsection.2.6}{\376\377\0002\000.\0006\000\040\000D\000o\000k\000u\000m\000e\000n\000t\000a\000c\000j\000a\000\040\000p\000l\000i\000k\000u\000\040\000B\000u\000t\000t\000o\000n\000.\000h}{section.2}% 20
\BOOKMARK [3][-]{subsubsection.2.6.1}{\376\377\0002\000.\0006\000.\0001\000\040\000O\000p\000i\000s\000\040\000s\000z\000c\000z\000e\000g\000\363\001\102\000o\000w\000y}{subsection.2.6}% 21
\BOOKMARK [3][-]{subsubsection.2.6.2}{\376\377\0002\000.\0006\000.\0002\000\040\000D\000o\000k\000u\000m\000e\000n\000t\000a\000c\000j\000a\000\040\000f\000u\000n\000k\000c\000j\000i}{subsection.2.6}% 22
\BOOKMARK [2][-]{subsection.2.7}{\376\377\0002\000.\0007\000\040\000D\000o\000k\000u\000m\000e\000n\000t\000a\000c\000j\000a\000\040\000p\000l\000i\000k\000u\000\040\000D\000e\000s\000k\000t\000o\000p\000.\000c}{section.2}% 23
\BOOKMARK [3][-]{subsubsection.2.7.1}{\376\377\0002\000.\0007\000.\0001\000\040\000O\000p\000i\000s\000\040\000s\000z\000c\000z\000e\000g\000\363\001\102\000o\000w\000y}{subsection.2.7}% 24
\BOOKMARK [3][-]{subsubsection.2.7.2}{\376\377\0002\000.\0007\000.\0002\000\040\000D\000o\000k\000u\000m\000e\000n\000t\000a\000c\000j\000a\000\040\000f\000u\000n\000k\000c\000j\000i}{subsection.2.7}% 25
\BOOKMARK [2][-]{subsection.2.8}{\376\377\0002\000.\0008\000\040\000D\000o\000k\000u\000m\000e\000n\000t\000a\000c\000j\000a\000\040\000p\000l\000i\000k\000u\000\040\000D\000e\000s\000k\000t\000o\000p\000.\000h}{section.2}% 26
\BOOKMARK [3][-]{subsubsection.2.8.1}{\376\377\0002\000.\0008\000.\0001\000\040\000O\000p\000i\000s\000\040\000s\000z\000c\000z\000e\000g\000\363\001\102\000o\000w\000y}{subsection.2.8}% 27
\BOOKMARK [3][-]{subsubsection.2.8.2}{\376\377\0002\000.\0008\000.\0002\000\040\000D\000o\000k\000u\000m\000e\000n\000t\000a\000c\000j\000a\000\040\000f\000u\000n\000k\000c\000j\000i}{subsection.2.8}% 28
\BOOKMARK [2][-]{subsection.2.9}{\376\377\0002\000.\0009\000\040\000D\000o\000k\000u\000m\000e\000n\000t\000a\000c\000j\000a\000\040\000p\000l\000i\000k\000u\000\040\000D\000i\000s\000p\000l\000a\000y\000T\000e\000x\000t\000s\000.\000h}{section.2}% 29
\BOOKMARK [3][-]{subsubsection.2.9.1}{\376\377\0002\000.\0009\000.\0001\000\040\000O\000p\000i\000s\000\040\000s\000z\000c\000z\000e\000g\000\363\001\102\000o\000w\000y}{subsection.2.9}% 30
\BOOKMARK [2][-]{subsection.2.10}{\376\377\0002\000.\0001\0000\000\040\000D\000o\000k\000u\000m\000e\000n\000t\000a\000c\000j\000a\000\040\000p\000l\000i\000k\000u\000\040\000F\000o\000n\000t\000.\000c}{section.2}% 31
\BOOKMARK [3][-]{subsubsection.2.10.1}{\376\377\0002\000.\0001\0000\000.\0001\000\040\000O\000p\000i\000s\000\040\000s\000z\000c\000z\000e\000g\000\363\001\102\000o\000w\000y}{subsection.2.10}% 32
\BOOKMARK [3][-]{subsubsection.2.10.2}{\376\377\0002\000.\0001\0000\000.\0002\000\040\000D\000o\000k\000u\000m\000e\000n\000t\000a\000c\000j\000a\000\040\000f\000u\000n\000k\000c\000j\000i}{subsection.2.10}% 33
\BOOKMARK [2][-]{subsection.2.11}{\376\377\0002\000.\0001\0001\000\040\000D\000o\000k\000u\000m\000e\000n\000t\000a\000c\000j\000a\000\040\000p\000l\000i\000k\000u\000\040\000F\000o\000n\000t\000.\000h}{section.2}% 34
\BOOKMARK [3][-]{subsubsection.2.11.1}{\376\377\0002\000.\0001\0001\000.\0001\000\040\000O\000p\000i\000s\000\040\000s\000z\000c\000z\000e\000g\000\363\001\102\000o\000w\000y}{subsection.2.11}% 35
\BOOKMARK [3][-]{subsubsection.2.11.2}{\376\377\0002\000.\0001\0001\000.\0002\000\040\000D\000o\000k\000u\000m\000e\000n\000t\000a\000c\000j\000a\000\040\000f\000u\000n\000k\000c\000j\000i}{subsection.2.11}% 36
\BOOKMARK [2][-]{subsection.2.12}{\376\377\0002\000.\0001\0002\000\040\000D\000o\000k\000u\000m\000e\000n\000t\000a\000c\000j\000a\000\040\000p\000l\000i\000k\000u\000\040\000G\000a\000m\000e\000s\000M\000e\000n\000u\000.\000c}{section.2}% 37
\BOOKMARK [3][-]{subsubsection.2.12.1}{\376\377\0002\000.\0001\0002\000.\0001\000\040\000O\000p\000i\000s\000\040\000s\000z\000c\000z\000e\000g\000\363\001\102\000o\000w\000y}{subsection.2.12}% 38
\BOOKMARK [2][-]{subsection.2.13}{\376\377\0002\000.\0001\0003\000\040\000D\000o\000k\000u\000m\000e\000n\000t\000a\000c\000j\000a\000\040\000p\000l\000i\000k\000u\000\040\000G\000a\000m\000e\000s\000M\000e\000n\000u\000.\000h}{section.2}% 39
\BOOKMARK [3][-]{subsubsection.2.13.1}{\376\377\0002\000.\0001\0003\000.\0001\000\040\000O\000p\000i\000s\000\040\000s\000z\000c\000z\000e\000g\000\363\001\102\000o\000w\000y}{subsection.2.13}% 40
\BOOKMARK [2][-]{subsection.2.14}{\376\377\0002\000.\0001\0004\000\040\000D\000o\000k\000u\000m\000e\000n\000t\000a\000c\000j\000a\000\040\000p\000l\000i\000k\000u\000\040\000G\000l\000o\000b\000a\000l\000E\000r\000r\000o\000r\000s\000.\000h}{section.2}% 41
\BOOKMARK [3][-]{subsubsection.2.14.1}{\376\377\0002\000.\0001\0004\000.\0001\000\040\000O\000p\000i\000s\000\040\000s\000z\000c\000z\000e\000g\000\363\001\102\000o\000w\000y}{subsection.2.14}% 42
\BOOKMARK [2][-]{subsection.2.15}{\376\377\0002\000.\0001\0005\000\040\000D\000o\000k\000u\000m\000e\000n\000t\000a\000c\000j\000a\000\040\000p\000l\000i\000k\000u\000\040\000G\000r\000a\000p\000h\000i\000c\000s\000P\000r\000i\000m\000i\000t\000i\000v\000e\000s\000.\000c}{section.2}% 43
\BOOKMARK [3][-]{subsubsection.2.15.1}{\376\377\0002\000.\0001\0005\000.\0001\000\040\000O\000p\000i\000s\000\040\000s\000z\000c\000z\000e\000g\000\363\001\102\000o\000w\000y}{subsection.2.15}% 44
\BOOKMARK [3][-]{subsubsection.2.15.2}{\376\377\0002\000.\0001\0005\000.\0002\000\040\000D\000o\000k\000u\000m\000e\000n\000t\000a\000c\000j\000a\000\040\000f\000u\000n\000k\000c\000j\000i}{subsection.2.15}% 45
\BOOKMARK [2][-]{subsection.2.16}{\376\377\0002\000.\0001\0006\000\040\000D\000o\000k\000u\000m\000e\000n\000t\000a\000c\000j\000a\000\040\000p\000l\000i\000k\000u\000\040\000G\000r\000a\000p\000h\000i\000c\000s\000P\000r\000i\000m\000i\000t\000i\000v\000e\000s\000.\000h}{section.2}% 46
\BOOKMARK [3][-]{subsubsection.2.16.1}{\376\377\0002\000.\0001\0006\000.\0001\000\040\000O\000p\000i\000s\000\040\000s\000z\000c\000z\000e\000g\000\363\001\102\000o\000w\000y}{subsection.2.16}% 47
\BOOKMARK [3][-]{subsubsection.2.16.2}{\376\377\0002\000.\0001\0006\000.\0002\000\040\000D\000o\000k\000u\000m\000e\000n\000t\000a\000c\000j\000a\000\040\000f\000u\000n\000k\000c\000j\000i}{subsection.2.16}% 48
\BOOKMARK [2][-]{subsection.2.17}{\376\377\0002\000.\0001\0007\000\040\000D\000o\000k\000u\000m\000e\000n\000t\000a\000c\000j\000a\000\040\000p\000l\000i\000k\000u\000\040\000I\0002\000C\000C\000o\000n\000t\000r\000o\000l\000l\000e\000r\000.\000c}{section.2}% 49
\BOOKMARK [3][-]{subsubsection.2.17.1}{\376\377\0002\000.\0001\0007\000.\0001\000\040\000O\000p\000i\000s\000\040\000s\000z\000c\000z\000e\000g\000\363\001\102\000o\000w\000y}{subsection.2.17}% 50
\BOOKMARK [3][-]{subsubsection.2.17.2}{\376\377\0002\000.\0001\0007\000.\0002\000\040\000D\000o\000k\000u\000m\000e\000n\000t\000a\000c\000j\000a\000\040\000f\000u\000n\000k\000c\000j\000i}{subsection.2.17}% 51
\BOOKMARK [2][-]{subsection.2.18}{\376\377\0002\000.\0001\0008\000\040\000D\000o\000k\000u\000m\000e\000n\000t\000a\000c\000j\000a\000\040\000p\000l\000i\000k\000u\000\040\000I\0002\000C\000C\000o\000n\000t\000r\000o\000l\000l\000e\000r\000.\000h}{section.2}% 52
\BOOKMARK [3][-]{subsubsection.2.18.1}{\376\377\0002\000.\0001\0008\000.\0001\000\040\000O\000p\000i\000s\000\040\000s\000z\000c\000z\000e\000g\000\363\001\102\000o\000w\000y}{subsection.2.18}% 53
\BOOKMARK [3][-]{subsubsection.2.18.2}{\376\377\0002\000.\0001\0008\000.\0002\000\040\000D\000o\000k\000u\000m\000e\000n\000t\000a\000c\000j\000a\000\040\000f\000u\000n\000k\000c\000j\000i}{subsection.2.18}% 54
\BOOKMARK [2][-]{subsection.2.19}{\376\377\0002\000.\0001\0009\000\040\000D\000o\000k\000u\000m\000e\000n\000t\000a\000c\000j\000a\000\040\000p\000l\000i\000k\000u\000\040\000L\000C\000D\000C\000o\000n\000t\000r\000o\000l\000l\000e\000r\000.\000c}{section.2}% 55
\BOOKMARK [3][-]{subsubsection.2.19.1}{\376\377\0002\000.\0001\0009\000.\0001\000\040\000O\000p\000i\000s\000\040\000s\000z\000c\000z\000e\000g\000\363\001\102\000o\000w\000y}{subsection.2.19}% 56
\BOOKMARK [3][-]{subsubsection.2.19.2}{\376\377\0002\000.\0001\0009\000.\0002\000\040\000D\000o\000k\000u\000m\000e\000n\000t\000a\000c\000j\000a\000\040\000f\000u\000n\000k\000c\000j\000i}{subsection.2.19}% 57
\BOOKMARK [2][-]{subsection.2.20}{\376\377\0002\000.\0002\0000\000\040\000D\000o\000k\000u\000m\000e\000n\000t\000a\000c\000j\000a\000\040\000p\000l\000i\000k\000u\000\040\000L\000C\000D\000C\000o\000n\000t\000r\000o\000l\000l\000e\000r\000.\000h}{section.2}% 58
\BOOKMARK [3][-]{subsubsection.2.20.1}{\376\377\0002\000.\0002\0000\000.\0001\000\040\000O\000p\000i\000s\000\040\000s\000z\000c\000z\000e\000g\000\363\001\102\000o\000w\000y}{subsection.2.20}% 59
\BOOKMARK [3][-]{subsubsection.2.20.2}{\376\377\0002\000.\0002\0000\000.\0002\000\040\000D\000o\000k\000u\000m\000e\000n\000t\000a\000c\000j\000a\000\040\000f\000u\000n\000k\000c\000j\000i}{subsection.2.20}% 60
\BOOKMARK [2][-]{subsection.2.21}{\376\377\0002\000.\0002\0001\000\040\000D\000o\000k\000u\000m\000e\000n\000t\000a\000c\000j\000a\000\040\000p\000l\000i\000k\000u\000\040\000M\000a\000i\000n\000.\000c}{section.2}% 61
\BOOKMARK [3][-]{subsubsection.2.21.1}{\376\377\0002\000.\0002\0001\000.\0001\000\040\000O\000p\000i\000s\000\040\000s\000z\000c\000z\000e\000g\000\363\001\102\000o\000w\000y}{subsection.2.21}% 62
\BOOKMARK [3][-]{subsubsection.2.21.2}{\376\377\0002\000.\0002\0001\000.\0002\000\040\000D\000o\000k\000u\000m\000e\000n\000t\000a\000c\000j\000a\000\040\000f\000u\000n\000k\000c\000j\000i}{subsection.2.21}% 63
\BOOKMARK [2][-]{subsection.2.22}{\376\377\0002\000.\0002\0002\000\040\000D\000o\000k\000u\000m\000e\000n\000t\000a\000c\000j\000a\000\040\000p\000l\000i\000k\000u\000\040\000M\000a\000i\000n\000M\000e\000n\000u\000.\000c}{section.2}% 64
\BOOKMARK [3][-]{subsubsection.2.22.1}{\376\377\0002\000.\0002\0002\000.\0001\000\040\000O\000p\000i\000s\000\040\000s\000z\000c\000z\000e\000g\000\363\001\102\000o\000w\000y}{subsection.2.22}% 65
\BOOKMARK [2][-]{subsection.2.23}{\376\377\0002\000.\0002\0003\000\040\000D\000o\000k\000u\000m\000e\000n\000t\000a\000c\000j\000a\000\040\000p\000l\000i\000k\000u\000\040\000M\000a\000i\000n\000M\000e\000n\000u\000.\000h}{section.2}% 66
\BOOKMARK [3][-]{subsubsection.2.23.1}{\376\377\0002\000.\0002\0003\000.\0001\000\040\000O\000p\000i\000s\000\040\000s\000z\000c\000z\000e\000g\000\363\001\102\000o\000w\000y}{subsection.2.23}% 67
\BOOKMARK [2][-]{subsection.2.24}{\376\377\0002\000.\0002\0004\000\040\000D\000o\000k\000u\000m\000e\000n\000t\000a\000c\000j\000a\000\040\000p\000l\000i\000k\000u\000\040\000M\000e\000n\000u\000O\000p\000t\000i\000o\000n\000s\000.\000h}{section.2}% 68
\BOOKMARK [3][-]{subsubsection.2.24.1}{\376\377\0002\000.\0002\0004\000.\0001\000\040\000O\000p\000i\000s\000\040\000s\000z\000c\000z\000e\000g\000\363\001\102\000o\000w\000y}{subsection.2.24}% 69
\BOOKMARK [2][-]{subsection.2.25}{\376\377\0002\000.\0002\0005\000\040\000D\000o\000k\000u\000m\000e\000n\000t\000a\000c\000j\000a\000\040\000p\000l\000i\000k\000u\000\040\000P\000a\000i\000n\000t\000.\000c}{section.2}% 70
\BOOKMARK [3][-]{subsubsection.2.25.1}{\376\377\0002\000.\0002\0005\000.\0001\000\040\000O\000p\000i\000s\000\040\000s\000z\000c\000z\000e\000g\000\363\001\102\000o\000w\000y}{subsection.2.25}% 71
\BOOKMARK [3][-]{subsubsection.2.25.2}{\376\377\0002\000.\0002\0005\000.\0002\000\040\000D\000o\000k\000u\000m\000e\000n\000t\000a\000c\000j\000a\000\040\000f\000u\000n\000k\000c\000j\000i}{subsection.2.25}% 72
\BOOKMARK [2][-]{subsection.2.26}{\376\377\0002\000.\0002\0006\000\040\000D\000o\000k\000u\000m\000e\000n\000t\000a\000c\000j\000a\000\040\000p\000l\000i\000k\000u\000\040\000P\000a\000i\000n\000t\000.\000h}{section.2}% 73
\BOOKMARK [3][-]{subsubsection.2.26.1}{\376\377\0002\000.\0002\0006\000.\0001\000\040\000O\000p\000i\000s\000\040\000s\000z\000c\000z\000e\000g\000\363\001\102\000o\000w\000y}{subsection.2.26}% 74
\BOOKMARK [3][-]{subsubsection.2.26.2}{\376\377\0002\000.\0002\0006\000.\0002\000\040\000D\000o\000k\000u\000m\000e\000n\000t\000a\000c\000j\000a\000\040\000f\000u\000n\000k\000c\000j\000i}{subsection.2.26}% 75
\BOOKMARK [2][-]{subsection.2.27}{\376\377\0002\000.\0002\0007\000\040\000D\000o\000k\000u\000m\000e\000n\000t\000a\000c\000j\000a\000\040\000p\000l\000i\000k\000u\000\040\000P\000i\000n\000g\000P\000o\000n\000g\000.\000c}{section.2}% 76
\BOOKMARK [3][-]{subsubsection.2.27.1}{\376\377\0002\000.\0002\0007\000.\0001\000\040\000O\000p\000i\000s\000\040\000s\000z\000c\000z\000e\000g\000\363\001\102\000o\000w\000y}{subsection.2.27}% 77
\BOOKMARK [3][-]{subsubsection.2.27.2}{\376\377\0002\000.\0002\0007\000.\0002\000\040\000D\000o\000k\000u\000m\000e\000n\000t\000a\000c\000j\000a\000\040\000f\000u\000n\000k\000c\000j\000i}{subsection.2.27}% 78
\BOOKMARK [2][-]{subsection.2.28}{\376\377\0002\000.\0002\0008\000\040\000D\000o\000k\000u\000m\000e\000n\000t\000a\000c\000j\000a\000\040\000p\000l\000i\000k\000u\000\040\000P\000i\000n\000g\000P\000o\000n\000g\000.\000h}{section.2}% 79
\BOOKMARK [3][-]{subsubsection.2.28.1}{\376\377\0002\000.\0002\0008\000.\0001\000\040\000O\000p\000i\000s\000\040\000s\000z\000c\000z\000e\000g\000\363\001\102\000o\000w\000y}{subsection.2.28}% 80
\BOOKMARK [3][-]{subsubsection.2.28.2}{\376\377\0002\000.\0002\0008\000.\0002\000\040\000D\000o\000k\000u\000m\000e\000n\000t\000a\000c\000j\000a\000\040\000f\000u\000n\000k\000c\000j\000i}{subsection.2.28}% 81
\BOOKMARK [2][-]{subsection.2.29}{\376\377\0002\000.\0002\0009\000\040\000D\000o\000k\000u\000m\000e\000n\000t\000a\000c\000j\000a\000\040\000p\000l\000i\000k\000u\000\040\000Q\000u\000e\000s\000t\000i\000o\000n\000.\000c}{section.2}% 82
\BOOKMARK [3][-]{subsubsection.2.29.1}{\376\377\0002\000.\0002\0009\000.\0001\000\040\000O\000p\000i\000s\000\040\000s\000z\000c\000z\000e\000g\000\363\001\102\000o\000w\000y}{subsection.2.29}% 83
\BOOKMARK [3][-]{subsubsection.2.29.2}{\376\377\0002\000.\0002\0009\000.\0002\000\040\000D\000o\000k\000u\000m\000e\000n\000t\000a\000c\000j\000a\000\040\000f\000u\000n\000k\000c\000j\000i}{subsection.2.29}% 84
\BOOKMARK [2][-]{subsection.2.30}{\376\377\0002\000.\0003\0000\000\040\000D\000o\000k\000u\000m\000e\000n\000t\000a\000c\000j\000a\000\040\000p\000l\000i\000k\000u\000\040\000Q\000u\000e\000s\000t\000i\000o\000n\000.\000h}{section.2}% 85
\BOOKMARK [3][-]{subsubsection.2.30.1}{\376\377\0002\000.\0003\0000\000.\0001\000\040\000O\000p\000i\000s\000\040\000s\000z\000c\000z\000e\000g\000\363\001\102\000o\000w\000y}{subsection.2.30}% 86
\BOOKMARK [3][-]{subsubsection.2.30.2}{\376\377\0002\000.\0003\0000\000.\0002\000\040\000D\000o\000k\000u\000m\000e\000n\000t\000a\000c\000j\000a\000\040\000f\000u\000n\000k\000c\000j\000i}{subsection.2.30}% 87
\BOOKMARK [2][-]{subsection.2.31}{\376\377\0002\000.\0003\0001\000\040\000D\000o\000k\000u\000m\000e\000n\000t\000a\000c\000j\000a\000\040\000p\000l\000i\000k\000u\000\040\000S\000n\000a\000k\000e\000.\000c}{section.2}% 88
\BOOKMARK [3][-]{subsubsection.2.31.1}{\376\377\0002\000.\0003\0001\000.\0001\000\040\000O\000p\000i\000s\000\040\000s\000z\000c\000z\000e\000g\000\363\001\102\000o\000w\000y}{subsection.2.31}% 89
\BOOKMARK [3][-]{subsubsection.2.31.2}{\376\377\0002\000.\0003\0001\000.\0002\000\040\000D\000o\000k\000u\000m\000e\000n\000t\000a\000c\000j\000a\000\040\000f\000u\000n\000k\000c\000j\000i}{subsection.2.31}% 90
\BOOKMARK [2][-]{subsection.2.32}{\376\377\0002\000.\0003\0002\000\040\000D\000o\000k\000u\000m\000e\000n\000t\000a\000c\000j\000a\000\040\000p\000l\000i\000k\000u\000\040\000S\000n\000a\000k\000e\000.\000h}{section.2}% 91
\BOOKMARK [3][-]{subsubsection.2.32.1}{\376\377\0002\000.\0003\0002\000.\0001\000\040\000O\000p\000i\000s\000\040\000s\000z\000c\000z\000e\000g\000\363\001\102\000o\000w\000y}{subsection.2.32}% 92
\BOOKMARK [3][-]{subsubsection.2.32.2}{\376\377\0002\000.\0003\0002\000.\0002\000\040\000D\000o\000k\000u\000m\000e\000n\000t\000a\000c\000j\000a\000\040\000f\000u\000n\000k\000c\000j\000i}{subsection.2.32}% 93
\BOOKMARK [2][-]{subsection.2.33}{\376\377\0002\000.\0003\0003\000\040\000D\000o\000k\000u\000m\000e\000n\000t\000a\000c\000j\000a\000\040\000p\000l\000i\000k\000u\000\040\000S\000n\000a\000k\000e\000E\000l\000e\000m\000e\000n\000t\000s\000.\000c}{section.2}% 94
\BOOKMARK [3][-]{subsubsection.2.33.1}{\376\377\0002\000.\0003\0003\000.\0001\000\040\000O\000p\000i\000s\000\040\000s\000z\000c\000z\000e\000g\000\363\001\102\000o\000w\000y}{subsection.2.33}% 95
\BOOKMARK [3][-]{subsubsection.2.33.2}{\376\377\0002\000.\0003\0003\000.\0002\000\040\000D\000o\000k\000u\000m\000e\000n\000t\000a\000c\000j\000a\000\040\000f\000u\000n\000k\000c\000j\000i}{subsection.2.33}% 96
\BOOKMARK [2][-]{subsection.2.34}{\376\377\0002\000.\0003\0004\000\040\000D\000o\000k\000u\000m\000e\000n\000t\000a\000c\000j\000a\000\040\000p\000l\000i\000k\000u\000\040\000S\000n\000a\000k\000e\000E\000l\000e\000m\000e\000n\000t\000s\000.\000h}{section.2}% 97
\BOOKMARK [3][-]{subsubsection.2.34.1}{\376\377\0002\000.\0003\0004\000.\0001\000\040\000O\000p\000i\000s\000\040\000s\000z\000c\000z\000e\000g\000\363\001\102\000o\000w\000y}{subsection.2.34}% 98
\BOOKMARK [3][-]{subsubsection.2.34.2}{\376\377\0002\000.\0003\0004\000.\0002\000\040\000D\000o\000k\000u\000m\000e\000n\000t\000a\000c\000j\000a\000\040\000f\000u\000n\000k\000c\000j\000i}{subsection.2.34}% 99
\BOOKMARK [2][-]{subsection.2.35}{\376\377\0002\000.\0003\0005\000\040\000D\000o\000k\000u\000m\000e\000n\000t\000a\000c\000j\000a\000\040\000p\000l\000i\000k\000u\000\040\000S\000n\000a\000k\000e\000M\000o\000v\000e\000.\000c}{section.2}% 100
\BOOKMARK [3][-]{subsubsection.2.35.1}{\376\377\0002\000.\0003\0005\000.\0001\000\040\000O\000p\000i\000s\000\040\000s\000z\000c\000z\000e\000g\000\363\001\102\000o\000w\000y}{subsection.2.35}% 101
\BOOKMARK [3][-]{subsubsection.2.35.2}{\376\377\0002\000.\0003\0005\000.\0002\000\040\000D\000o\000k\000u\000m\000e\000n\000t\000a\000c\000j\000a\000\040\000f\000u\000n\000k\000c\000j\000i}{subsection.2.35}% 102
\BOOKMARK [2][-]{subsection.2.36}{\376\377\0002\000.\0003\0006\000\040\000D\000o\000k\000u\000m\000e\000n\000t\000a\000c\000j\000a\000\040\000p\000l\000i\000k\000u\000\040\000S\000n\000a\000k\000e\000M\000o\000v\000e\000.\000h}{section.2}% 103
\BOOKMARK [3][-]{subsubsection.2.36.1}{\376\377\0002\000.\0003\0006\000.\0001\000\040\000O\000p\000i\000s\000\040\000s\000z\000c\000z\000e\000g\000\363\001\102\000o\000w\000y}{subsection.2.36}% 104
\BOOKMARK [3][-]{subsubsection.2.36.2}{\376\377\0002\000.\0003\0006\000.\0002\000\040\000D\000o\000k\000u\000m\000e\000n\000t\000a\000c\000j\000a\000\040\000f\000u\000n\000k\000c\000j\000i}{subsection.2.36}% 105
\BOOKMARK [2][-]{subsection.2.37}{\376\377\0002\000.\0003\0007\000\040\000D\000o\000k\000u\000m\000e\000n\000t\000a\000c\000j\000a\000\040\000p\000l\000i\000k\000u\000\040\000S\000P\000I\000C\000o\000n\000t\000r\000o\000l\000l\000e\000r\000.\000c}{section.2}% 106
\BOOKMARK [3][-]{subsubsection.2.37.1}{\376\377\0002\000.\0003\0007\000.\0001\000\040\000O\000p\000i\000s\000\040\000s\000z\000c\000z\000e\000g\000\363\001\102\000o\000w\000y}{subsection.2.37}% 107
\BOOKMARK [3][-]{subsubsection.2.37.2}{\376\377\0002\000.\0003\0007\000.\0002\000\040\000D\000o\000k\000u\000m\000e\000n\000t\000a\000c\000j\000a\000\040\000f\000u\000n\000k\000c\000j\000i}{subsection.2.37}% 108
\BOOKMARK [2][-]{subsection.2.38}{\376\377\0002\000.\0003\0008\000\040\000D\000o\000k\000u\000m\000e\000n\000t\000a\000c\000j\000a\000\040\000p\000l\000i\000k\000u\000\040\000S\000P\000I\000C\000o\000n\000t\000r\000o\000l\000l\000e\000r\000.\000h}{section.2}% 109
\BOOKMARK [3][-]{subsubsection.2.38.1}{\376\377\0002\000.\0003\0008\000.\0001\000\040\000O\000p\000i\000s\000\040\000s\000z\000c\000z\000e\000g\000\363\001\102\000o\000w\000y}{subsection.2.38}% 110
\BOOKMARK [3][-]{subsubsection.2.38.2}{\376\377\0002\000.\0003\0008\000.\0002\000\040\000D\000o\000k\000u\000m\000e\000n\000t\000a\000c\000j\000a\000\040\000f\000u\000n\000k\000c\000j\000i}{subsection.2.38}% 111
\BOOKMARK [2][-]{subsection.2.39}{\376\377\0002\000.\0003\0009\000\040\000D\000o\000k\000u\000m\000e\000n\000t\000a\000c\000j\000a\000\040\000p\000l\000i\000k\000u\000\040\000T\000o\000o\000l\000S\000e\000t\000.\000c}{section.2}% 112
\BOOKMARK [3][-]{subsubsection.2.39.1}{\376\377\0002\000.\0003\0009\000.\0001\000\040\000O\000p\000i\000s\000\040\000s\000z\000c\000z\000e\000g\000\363\001\102\000o\000w\000y}{subsection.2.39}% 113
\BOOKMARK [3][-]{subsubsection.2.39.2}{\376\377\0002\000.\0003\0009\000.\0002\000\040\000D\000o\000k\000u\000m\000e\000n\000t\000a\000c\000j\000a\000\040\000f\000u\000n\000k\000c\000j\000i}{subsection.2.39}% 114
\BOOKMARK [2][-]{subsection.2.40}{\376\377\0002\000.\0004\0000\000\040\000D\000o\000k\000u\000m\000e\000n\000t\000a\000c\000j\000a\000\040\000p\000l\000i\000k\000u\000\040\000T\000o\000o\000l\000S\000e\000t\000.\000h}{section.2}% 115
\BOOKMARK [3][-]{subsubsection.2.40.1}{\376\377\0002\000.\0004\0000\000.\0001\000\040\000O\000p\000i\000s\000\040\000s\000z\000c\000z\000e\000g\000\363\001\102\000o\000w\000y}{subsection.2.40}% 116
\BOOKMARK [3][-]{subsubsection.2.40.2}{\376\377\0002\000.\0004\0000\000.\0002\000\040\000D\000o\000k\000u\000m\000e\000n\000t\000a\000c\000j\000a\000\040\000f\000u\000n\000k\000c\000j\000i}{subsection.2.40}% 117
\BOOKMARK [2][-]{subsection.2.41}{\376\377\0002\000.\0004\0001\000\040\000D\000o\000k\000u\000m\000e\000n\000t\000a\000c\000j\000a\000\040\000p\000l\000i\000k\000u\000\040\000T\000o\000u\000c\000h\000C\000o\000n\000t\000r\000o\000l\000l\000e\000r\000.\000c}{section.2}% 118
\BOOKMARK [3][-]{subsubsection.2.41.1}{\376\377\0002\000.\0004\0001\000.\0001\000\040\000O\000p\000i\000s\000\040\000s\000z\000c\000z\000e\000g\000\363\001\102\000o\000w\000y}{subsection.2.41}% 119
\BOOKMARK [3][-]{subsubsection.2.41.2}{\376\377\0002\000.\0004\0001\000.\0002\000\040\000D\000o\000k\000u\000m\000e\000n\000t\000a\000c\000j\000a\000\040\000f\000u\000n\000k\000c\000j\000i}{subsection.2.41}% 120
\BOOKMARK [2][-]{subsection.2.42}{\376\377\0002\000.\0004\0002\000\040\000D\000o\000k\000u\000m\000e\000n\000t\000a\000c\000j\000a\000\040\000p\000l\000i\000k\000u\000\040\000T\000o\000u\000c\000h\000C\000o\000n\000t\000r\000o\000l\000l\000e\000r\000.\000h}{section.2}% 121
\BOOKMARK [3][-]{subsubsection.2.42.1}{\376\377\0002\000.\0004\0002\000.\0001\000\040\000O\000p\000i\000s\000\040\000s\000z\000c\000z\000e\000g\000\363\001\102\000o\000w\000y}{subsection.2.42}% 122
\BOOKMARK [3][-]{subsubsection.2.42.2}{\376\377\0002\000.\0004\0002\000.\0002\000\040\000D\000o\000k\000u\000m\000e\000n\000t\000a\000c\000j\000a\000\040\000f\000u\000n\000k\000c\000j\000i}{subsection.2.42}% 123
\BOOKMARK [2][-]{subsection.2.43}{\376\377\0002\000.\0004\0003\000\040\000D\000o\000k\000u\000m\000e\000n\000t\000a\000c\000j\000a\000\040\000p\000l\000i\000k\000u\000\040\000W\000e\000l\000c\000o\000m\000e\000.\000c}{section.2}% 124
\BOOKMARK [3][-]{subsubsection.2.43.1}{\376\377\0002\000.\0004\0003\000.\0001\000\040\000O\000p\000i\000s\000\040\000s\000z\000c\000z\000e\000g\000\363\001\102\000o\000w\000y}{subsection.2.43}% 125
\BOOKMARK [2][-]{subsection.2.44}{\376\377\0002\000.\0004\0004\000\040\000D\000o\000k\000u\000m\000e\000n\000t\000a\000c\000j\000a\000\040\000p\000l\000i\000k\000u\000\040\000W\000e\000l\000c\000o\000m\000e\000.\000h}{section.2}% 126
\BOOKMARK [3][-]{subsubsection.2.44.1}{\376\377\0002\000.\0004\0004\000.\0001\000\040\000O\000p\000i\000s\000\040\000s\000z\000c\000z\000e\000g\000\363\001\102\000o\000w\000y}{subsection.2.44}% 127
\BOOKMARK [1][-]{section*.85}{\376\377\000I\000n\000d\000e\000k\000s}{}% 128
